<?xml version="1.0" encoding="UTF-8"?>
<beans xmlns="http://www.springframework.org/schema/beans"
       xmlns:xsi="http://www.w3.org/2001/XMLSchema-instance"
       xmlns:context="http://www.springframework.org/schema/context"
       xsi:schemaLocation="http://www.springframework.org/schema/beans
        http://www.springframework.org/schema/beans/spring-beans.xsd
        http://www.springframework.org/schema/context
        http://www.springframework.org/schema/context/spring-context.xsd">
<bean id="studentService" class="net.students.accounting.service.StudentServiceImpl">
</bean>
    <bean id="systemPreferenceServiceImpl" class="net.students.accounting.service.SystemPreferenceServiceImpl">
    </bean>
    <context:component-scan base-package="net.students.accounting"/>
    <context:component-scan base-package="net.students.accounting.service"/>
    <context:component-scan base-package="net.students.accounting.dao"/>
    <context:component-scan base-package="net.students.accounting.system.*"/>
</beans>